<?xml version="1.0" encoding="UTF-8"?>
<!-- Generated by org.testng.reporters.JUnitReportReporter -->
<testsuite hostname="DESKTOP-OTGNRE8" failures="0" tests="1" name="com.mohs10.scripts.MamatvaScript" time="33.765" errors="0" timestamp="2024-01-08T14:30:22 IST" skipped="0">
  <testcase classname="com.mohs10.scripts.MamatvaScript" name="PharmacyLoginTestcase" time="33.765"/>
  <system-out/>
</testsuite> <!-- com.mohs10.scripts.MamatvaScript -->
