<?xml version="1.0" encoding="UTF-8"?>
<!-- Generated by org.testng.reporters.JUnitReportReporter -->
<testsuite hostname="DESKTOP-OTGNRE8" failures="0" tests="1" name="TAF_PDFReport.PDFReportTest" time="2.153" errors="0" timestamp="2024-01-08T14:30:22 IST" skipped="0">
  <testcase classname="TAF_PDFReport.PDFReportTest" name="PDFreports" time="2.153"/>
  <system-out/>
</testsuite> <!-- TAF_PDFReport.PDFReportTest -->
